<?xml version="1.0" encoding="UTF-8"?>
<!-- Generated by org.testng.reporters.JUnitXMLReporter -->
<testsuite ignored="0" hostname="DESKTOP-E4JELKD" failures="0" tests="3" name="egde" time="122.91" errors="0" timestamp="02 May 2022 06:35:28 GMT">
  <testcase classname="Test.Zerodha_login_test" name="@AfterMethod chromeclose" time="9.881">
    <failure type="org.openqa.selenium.WebDriverException" message="TypeError: win is null
Build info: version: &amp;apos;4.1.2&amp;apos;, revision: &amp;apos;9a5a329c5a&amp;apos;
System info: host: &amp;apos;DESKTOP-E4JELKD&amp;apos;, ip: &amp;apos;192.168.29.168&amp;apos;, os.name: &amp;apos;Windows 10&amp;apos;, os.arch: &amp;apos;amd64&amp;apos;, os.version: &amp;apos;10.0&amp;apos;, java.version: &amp;apos;11.0.13&amp;apos;
Driver info: org.openqa.selenium.firefox.FirefoxDriver
Command: [de4169d1-b662-4c1d-ae40-240735ad6129, screenshot {}]
Capabilities {acceptInsecureCerts: true, browserName: firefox, browserVersion: 98.0.2, javascriptEnabled: true, moz:accessibilityChecks: false, moz:buildID: 20220322144853, moz:debuggerAddress: localhost:58247, moz:geckodriverVersion: 0.30.0, moz:headless: false, moz:processID: 24864, moz:profile: C:\Users\Lenovo\AppData\Loc..., moz:shutdownTimeout: 60000, moz:useNonSpecCompliantPointerOrigin: false, moz:webdriverClick: true, pageLoadStrategy: normal, platform: WINDOWS, platformName: WINDOWS, platformVersion: 10.0, proxy: Proxy(), se:cdp: ws://localhost:58247/devtoo..., se:cdpVersion: 85.0, setWindowRect: true, strictFileInteractability: false, timeouts: {implicit: 0, pageLoad: 300000, script: 30000}, unhandledPromptBehavior: dismiss and notify}
Session ID: de4169d1-b662-4c1d-ae40-240735ad6129">
      <![CDATA[org.openqa.selenium.WebDriverException: TypeError: win is null
Build info: version: '4.1.2', revision: '9a5a329c5a'
System info: host: 'DESKTOP-E4JELKD', ip: '192.168.29.168', os.name: 'Windows 10', os.arch: 'amd64', os.version: '10.0', java.version: '11.0.13'
Driver info: org.openqa.selenium.firefox.FirefoxDriver
Command: [de4169d1-b662-4c1d-ae40-240735ad6129, screenshot {}]
Capabilities {acceptInsecureCerts: true, browserName: firefox, browserVersion: 98.0.2, javascriptEnabled: true, moz:accessibilityChecks: false, moz:buildID: 20220322144853, moz:debuggerAddress: localhost:58247, moz:geckodriverVersion: 0.30.0, moz:headless: false, moz:processID: 24864, moz:profile: C:\Users\Lenovo\AppData\Loc..., moz:shutdownTimeout: 60000, moz:useNonSpecCompliantPointerOrigin: false, moz:webdriverClick: true, pageLoadStrategy: normal, platform: WINDOWS, platformName: WINDOWS, platformVersion: 10.0, proxy: Proxy(), se:cdp: ws://localhost:58247/devtoo..., se:cdpVersion: 85.0, setWindowRect: true, strictFileInteractability: false, timeouts: {implicit: 0, pageLoad: 300000, script: 30000}, unhandledPromptBehavior: dismiss and notify}
Session ID: de4169d1-b662-4c1d-ae40-240735ad6129
at org.openqa.selenium.remote.codec.w3c.W3CHttpResponseCodec.createException(W3CHttpResponseCodec.java:200)
at org.openqa.selenium.remote.codec.w3c.W3CHttpResponseCodec.decode(W3CHttpResponseCodec.java:133)
at org.openqa.selenium.remote.codec.w3c.W3CHttpResponseCodec.decode(W3CHttpResponseCodec.java:53)
at org.openqa.selenium.remote.HttpCommandExecutor.execute(HttpCommandExecutor.java:184)
at org.openqa.selenium.remote.service.DriverCommandExecutor.invokeExecute(DriverCommandExecutor.java:167)
at org.openqa.selenium.remote.service.DriverCommandExecutor.execute(DriverCommandExecutor.java:142)
at org.openqa.selenium.remote.RemoteWebDriver.execute(RemoteWebDriver.java:558)
at org.openqa.selenium.remote.RemoteWebDriver.execute(RemoteWebDriver.java:613)
at org.openqa.selenium.remote.RemoteWebDriver.execute(RemoteWebDriver.java:617)
at org.openqa.selenium.remote.RemoteWebDriver.getScreenshotAs(RemoteWebDriver.java:348)
at Utility.Screenshot.Take_screenshot(Screenshot.java:20)
at Test.Zerodha_login_test.chromeclose(Zerodha_login_test.java:117)
... Removed 32 stack frames]]>
    </failure>
  </testcase> <!-- @AfterMethod chromeclose -->
  <testcase classname="Test.Zerodha_login_test" name="@BeforeMethod crossbrowser" time="0.0">
    <skipped/>
  </testcase> <!-- @BeforeMethod crossbrowser -->
  <testcase classname="Test.Zerodha_login_test" name="@AfterMethod chromeclose" time="0.0">
    <skipped/>
  </testcase> <!-- @AfterMethod chromeclose -->
  <testcase classname="Test.Zerodha_login_test" name="loginwithvalidcreadintial" time="10.231"/>
  <testcase classname="Test.Zerodha_login_test" name="forgott_link" time="3.139"/>
  <testcase classname="Test.Zerodha_login_test" name="singup_link" time="0.0">
    <skipped/>
  </testcase> <!-- singup_link -->
</testsuite> <!-- egde -->
