<?xml version="1.0" encoding="UTF-8"?>
<!-- Generated by org.testng.reporters.JUnitXMLReporter -->
<testsuite ignored="0" hostname="DESKTOP-E4JELKD" failures="0" tests="3" name="firefox" time="36.304" errors="0" timestamp="02 May 2022 06:36:05 GMT">
  <testcase classname="Test.Zerodha_login_test" name="@BeforeMethod crossbrowser" time="36.258">
    <failure type="org.openqa.selenium.SessionNotCreatedException" message="Could not start a new session. Response code 500. Message: session not created: This version of MSEdgeDriver only supports MSEdge version 99
Current browser version is 101.0.1210.32 with binary path C:\Program Files (x86)\Microsoft\Edge\Application\msedge.exe
Build info: version: &amp;apos;4.1.2&amp;apos;, revision: &amp;apos;9a5a329c5a&amp;apos;
System info: host: &amp;apos;DESKTOP-E4JELKD&amp;apos;, ip: &amp;apos;192.168.29.168&amp;apos;, os.name: &amp;apos;Windows 10&amp;apos;, os.arch: &amp;apos;amd64&amp;apos;, os.version: &amp;apos;10.0&amp;apos;, java.version: &amp;apos;11.0.13&amp;apos;
Driver info: org.openqa.selenium.edge.EdgeDriver
Command: [null, newSession {capabilities=[Capabilities {browserName: MicrosoftEdge, ms:edgeOptions: {args: [], extensions: []}}], desiredCapabilities=Capabilities {browserName: MicrosoftEdge, ms:edgeOptions: {args: [], extensions: []}}}]">
      <![CDATA[org.openqa.selenium.SessionNotCreatedException: Could not start a new session. Response code 500. Message: session not created: This version of MSEdgeDriver only supports MSEdge version 99
Current browser version is 101.0.1210.32 with binary path C:\Program Files (x86)\Microsoft\Edge\Application\msedge.exe
Build info: version: '4.1.2', revision: '9a5a329c5a'
System info: host: 'DESKTOP-E4JELKD', ip: '192.168.29.168', os.name: 'Windows 10', os.arch: 'amd64', os.version: '10.0', java.version: '11.0.13'
Driver info: org.openqa.selenium.edge.EdgeDriver
Command: [null, newSession {capabilities=[Capabilities {browserName: MicrosoftEdge, ms:edgeOptions: {args: [], extensions: []}}], desiredCapabilities=Capabilities {browserName: MicrosoftEdge, ms:edgeOptions: {args: [], extensions: []}}}]
at org.openqa.selenium.remote.ProtocolHandshake.createSession(ProtocolHandshake.java:126)
at org.openqa.selenium.remote.ProtocolHandshake.createSession(ProtocolHandshake.java:84)
at org.openqa.selenium.remote.ProtocolHandshake.createSession(ProtocolHandshake.java:62)
at org.openqa.selenium.remote.HttpCommandExecutor.execute(HttpCommandExecutor.java:156)
at org.openqa.selenium.remote.service.DriverCommandExecutor.invokeExecute(DriverCommandExecutor.java:167)
at org.openqa.selenium.remote.service.DriverCommandExecutor.execute(DriverCommandExecutor.java:142)
at org.openqa.selenium.remote.RemoteWebDriver.execute(RemoteWebDriver.java:558)
at org.openqa.selenium.remote.RemoteWebDriver.startSession(RemoteWebDriver.java:245)
at org.openqa.selenium.remote.RemoteWebDriver.<init>(RemoteWebDriver.java:161)
at org.openqa.selenium.chromium.ChromiumDriver.<init>(ChromiumDriver.java:108)
at org.openqa.selenium.edge.EdgeDriver.<init>(EdgeDriver.java:52)
at org.openqa.selenium.edge.EdgeDriver.<init>(EdgeDriver.java:44)
at org.openqa.selenium.edge.EdgeDriver.<init>(EdgeDriver.java:41)
at Test.Zerodha_login_test.crossbrowser(Zerodha_login_test.java:53)
... Removed 28 stack frames]]>
    </failure>
  </testcase> <!-- @BeforeMethod crossbrowser -->
  <testcase classname="Test.Zerodha_login_test" name="@AfterMethod chromeclose" time="0.0">
    <skipped/>
  </testcase> <!-- @AfterMethod chromeclose -->
  <testcase classname="Test.Zerodha_login_test" name="@BeforeMethod crossbrowser" time="0.0">
    <skipped/>
  </testcase> <!-- @BeforeMethod crossbrowser -->
  <testcase classname="Test.Zerodha_login_test" name="@AfterMethod chromeclose" time="0.0">
    <skipped/>
  </testcase> <!-- @AfterMethod chromeclose -->
  <testcase classname="Test.Zerodha_login_test" name="@BeforeMethod crossbrowser" time="0.0">
    <skipped/>
  </testcase> <!-- @BeforeMethod crossbrowser -->
  <testcase classname="Test.Zerodha_login_test" name="@AfterMethod chromeclose" time="0.0">
    <skipped/>
  </testcase> <!-- @AfterMethod chromeclose -->
  <testcase classname="Test.Zerodha_login_test" name="loginwithvalidcreadintial" time="0.0">
    <skipped/>
  </testcase> <!-- loginwithvalidcreadintial -->
  <testcase classname="Test.Zerodha_login_test" name="forgott_link" time="0.0">
    <skipped/>
  </testcase> <!-- forgott_link -->
  <testcase classname="Test.Zerodha_login_test" name="singup_link" time="0.0">
    <skipped/>
  </testcase> <!-- singup_link -->
</testsuite> <!-- firefox -->
